#
# A fatal error has been detected by the Java Runtime Environment:
#
#  EXCEPTION_ACCESS_VIOLATION (0xc0000005) at pc=0x0000026f9ebb1bd6, pid=22496, tid=272
#
# JRE version: OpenJDK Runtime Environment (19.0.1+10) (build 19.0.1+10-21)
# Java VM: OpenJDK 64-Bit Server VM (19.0.1+10-21, mixed mode, emulated-client, sharing, tiered, compressed oops, compressed class ptrs, g1 gc, windows-amd64)
# Problematic frame:
# J 340 c1 jdk.internal.misc.Unsafe.getInt(J)I java.base@19.0.1 (7 bytes) @ 0x0000026f9ebb1bd6 [0x0000026f9ebb1ba0+0x0000000000000036]
#
# No core dump will be written. Minidumps are not enabled by default on client versions of Windows
#
# If you would like to submit a bug report, please visit:
#   https://bugreport.java.com/bugreport/crash.jsp
#

---------------  S U M M A R Y ------------

Command Line: -agentlib:jdwp=transport=dt_socket,address=127.0.0.1:64792,suspend=y,server=n -XX:TieredStopAtLevel=1 -Dspring.output.ansi.enabled=always -Dcom.sun.management.jmxremote -Dspring.jmx.enabled=true -Dspring.liveBeansView.mbeanDomain -Dspring.application.admin.enabled=true -javaagent:C:\Users\a57520\AppData\Local\JetBrains\IntelliJIdea2022.2\captureAgent\debugger-agent.jar -Dfile.encoding=UTF-8 -Dsun.stdout.encoding=UTF-8 -Dsun.stderr.encoding=UTF-8 com.coisini.curtain.CurtainServerApplication

Host: AMD Ryzen 5 3600X 6-Core Processor             , 12 cores, 31G,  Windows 10 , 64 bit Build 19041 (10.0.19041.3155)
Time: Mon Jul 17 13:22:48 2023  Windows 10 , 64 bit Build 19041 (10.0.19041.3155) elapsed time: 5.994297 seconds (0d 0h 0m 5s)

---------------  T H R E A D  ---------------

Current thread (0x0000026fbd3292d0):  JavaThread "https-jsse-nio-8091-exec-5" daemon [_thread_in_Java, id=272, stack(0x000000d686700000,0x000000d686800000)]

Stack: [0x000000d686700000,0x000000d686800000],  sp=0x000000d6867fd330,  free space=1012k
Native frames: (J=compiled Java code, j=interpreted, Vv=VM code, C=native code)
C  0x0000026f9ebb1bd6


siginfo: EXCEPTION_ACCESS_VIOLATION (0xc0000005), reading address 0x0000000000000001


Registers:
RAX=0x0000000000000000, RBX=0x00000008004409b0, RCX=0x0000000600f3be90, RDX=0x0000000600f3be90
RSP=0x000000d6867fd330, RBP=0x000000d6867fd3e0, RSI=0x000000060891ae80, RDI=0x000000060891b770
R8 =0x0000000000000001, R9 =0x0000000000000004, R10=0x00007fff37efedb0, R11=0x0000026f9ebb1bc0
R12=0x0000000000000000, R13=0x000000d6867fd380, R14=0x000000d6867fd400, R15=0x0000026fbd3292d0
RIP=0x0000026f9ebb1bd6, EFLAGS=0x0000000000010206


Register to memory mapping:

RIP=0x0000026f9ebb1bd6 is at entry_point+54 in (nmethod*)0x0000026f9ebb1a10
Compiled method (c1)    6001  340       1       jdk.internal.misc.Unsafe::getInt (7 bytes)
 total in heap  [0x0000026f9ebb1a10,0x0000026f9ebb1cb8] = 680
 relocation     [0x0000026f9ebb1b70,0x0000026f9ebb1b98] = 40
 main code      [0x0000026f9ebb1ba0,0x0000026f9ebb1c40] = 160
 stub code      [0x0000026f9ebb1c40,0x0000026f9ebb1c78] = 56
 metadata       [0x0000026f9ebb1c78,0x0000026f9ebb1c88] = 16
 scopes data    [0x0000026f9ebb1c88,0x0000026f9ebb1c90] = 8
 scopes pcs     [0x0000026f9ebb1c90,0x0000026f9ebb1cb0] = 32
 dependencies   [0x0000026f9ebb1cb0,0x0000026f9ebb1cb8] = 8
RAX=0x0 is NULL
RBX={method} {0x00000008004409b8} 'getInt' '(J)I' in 'jdk/internal/misc/Unsafe'
RCX=0x0000000600f3be90 is an oop: jdk.internal.misc.Unsafe 
{0x0000000600f3be90} - klass: 'jdk/internal/misc/Unsafe'
 - ---- fields (total size 2 words):
RDX=0x0000000600f3be90 is an oop: jdk.internal.misc.Unsafe 
{0x0000000600f3be90} - klass: 'jdk/internal/misc/Unsafe'
 - ---- fields (total size 2 words):
RSP=0x000000d6867fd330 is pointing into the stack for thread: 0x0000026fbd3292d0
RBP=0x000000d6867fd3e0 is pointing into the stack for thread: 0x0000026fbd3292d0
RSI=0x000000060891ae80 is an oop: java.util.ArrayList 
{0x000000060891ae80} - klass: 'java/util/ArrayList'
 - ---- fields (total size 3 words):
 - protected transient 'modCount' 'I' @12  1
 - private 'size' 'I' @16  1
 - transient 'elementData' '[Ljava/lang/Object;' @20  a 'java/lang/Object'[10] {0x000000060891afc0} (c11235f8)
RDI=0x000000060891b770 is an oop: java.lang.StringBuffer 
{0x000000060891b770} - klass: 'java/lang/StringBuffer'
 - ---- fields (total size 4 words):
 - 'count' 'I' @12  26 (1a)
 - 'coder' 'B' @16  0
 - 'maybeLatin1' 'Z' @17  false
 - 'value' '[B' @20  [B{0x000000060891b7d0} (c11236fa)
 - private transient 'toStringCache' 'Ljava/lang/String;' @24  "Before start of result set"{0x000000060891b808} (c1123701)
R8 =0x0000000000000001 is an unknown value
R9 =0x0000000000000004 is an unknown value
R10=0x00007fff37efedb0 jvm.dll
R11=0x0000026f9ebb1bc0 is at entry_point+32 in (nmethod*)0x0000026f9ebb1a10
Compiled method (c1)    6011  340       1       jdk.internal.misc.Unsafe::getInt (7 bytes)
 total in heap  [0x0000026f9ebb1a10,0x0000026f9ebb1cb8] = 680
 relocation     [0x0000026f9ebb1b70,0x0000026f9ebb1b98] = 40
 main code      [0x0000026f9ebb1ba0,0x0000026f9ebb1c40] = 160
 stub code      [0x0000026f9ebb1c40,0x0000026f9ebb1c78] = 56
 metadata       [0x0000026f9ebb1c78,0x0000026f9ebb1c88] = 16
 scopes data    [0x0000026f9ebb1c88,0x0000026f9ebb1c90] = 8
 scopes pcs     [0x0000026f9ebb1c90,0x0000026f9ebb1cb0] = 32
 dependencies   [0x0000026f9ebb1cb0,0x0000026f9ebb1cb8] = 8
R12=0x0 is NULL
R13=0x000000d6867fd380 is pointing into the stack for thread: 0x0000026fbd3292d0
R14=0x000000d6867fd400 is pointing into the stack for thread: 0x0000026fbd3292d0
R15=0x0000026fbd3292d0 is a thread


Top of Stack: (sp=0x000000d6867fd330)
0x000000d6867fd330:   000000d6867fd400 000000060891b770
0x000000d6867fd340:   000000d6867fd3e0 0000026f9e935c21
0x000000d6867fd350:   0000026fba3c8190 00000000000000b6
0x000000d6867fd360:   000000d6867fd3e0 0000026f9e91c3fa
0x000000d6867fd370:   0000026fba3c8190 0000026f9e91c3fa
0x000000d6867fd380:   0000000000000001 0000000000000000
0x000000d6867fd390:   0000000600f3be90 000000d6867fd398
0x000000d6867fd3a0:   0000026fba3c8164 000000d6867fd400
0x000000d6867fd3b0:   0000026fba3cbdb8 0000000000000000
0x000000d6867fd3c0:   00000006024c7d70 0000026fba3c8190
0x000000d6867fd3d0:   000000d6867fd380 000000d6867fd3f0
0x000000d6867fd3e0:   000000d6867fd450 0000026f9e91c3fa
0x000000d6867fd3f0:   0000000000000001 0000000000000000
0x000000d6867fd400:   00000006024c7e38 000000d6867fd408
0x000000d6867fd410:   0000026fba566204 000000d6867fd468
0x000000d6867fd420:   0000026fba569c20 0000000000000000 

Instructions: (pc=0x0000026f9ebb1bd6)
0x0000026f9ebb1ad6:   00 00 02 00 00 00 00 00 00 00 00 00 00 00 00 00
0x0000026f9ebb1ae6:   00 00 00 00 00 00 00 00 00 00 a0 1b bb 9e 6f 02
0x0000026f9ebb1af6:   00 00 c0 1b bb 9e 6f 02 00 00 a0 1b bb 9e 6f 02
0x0000026f9ebb1b06:   00 00 30 02 00 00 f3 01 00 00 90 01 00 00 30 02
0x0000026f9ebb1b16:   00 00 68 02 00 00 68 02 00 00 00 00 00 00 80 02
0x0000026f9ebb1b26:   00 00 a0 02 00 00 a8 02 00 00 a8 02 00 00 a8 02
0x0000026f9ebb1b36:   00 00 a8 02 00 00 a8 02 00 00 28 00 00 00 54 01
0x0000026f9ebb1b46:   00 00 01 00 00 00 00 00 00 00 02 00 00 00 00 00
0x0000026f9ebb1b56:   00 00 00 00 00 00 00 00 00 00 5f 00 00 00 02 00
0x0000026f9ebb1b66:   00 00 ff ff ff ff ff ff ff ff 14 30 18 08 13 58
0x0000026f9ebb1b76:   0e 78 0e 40 11 32 27 32 1b 00 00 32 03 7c c6 37
0x0000026f9ebb1b86:   28 49 ff 7f 05 38 0e 30 01 7c 7e ff 0e 48 0c 32
0x0000026f9ebb1b96:   00 00 00 00 00 00 00 00 00 00 44 8b 52 08 49 bb
0x0000026f9ebb1ba6:   00 00 00 00 08 00 00 00 4d 03 d3 4c 3b d0 0f 85
0x0000026f9ebb1bb6:   c6 fb da ff 66 0f 1f 44 00 00 89 84 24 00 90 ff
0x0000026f9ebb1bc6:   ff 55 48 83 ec 30 48 b8 00 00 00 00 00 00 00 00
0x0000026f9ebb1bd6:   42 8b 04 00 48 83 c4 30 5d 49 3b a7 78 03 00 00
0x0000026f9ebb1be6:   0f 87 01 00 00 00 c3 49 ba df 1b bb 9e 6f 02 00
0x0000026f9ebb1bf6:   00 4d 89 97 90 03 00 00 e9 fd 61 db ff 49 8b 87
0x0000026f9ebb1c06:   20 04 00 00 49 c7 87 20 04 00 00 00 00 00 00 49
0x0000026f9ebb1c16:   c7 87 28 04 00 00 00 00 00 00 48 83 c4 30 5d e9
0x0000026f9ebb1c26:   56 5d e6 ff f4 f4 f4 f4 f4 f4 f4 f4 f4 f4 f4 f4
0x0000026f9ebb1c36:   f4 f4 f4 f4 f4 f4 f4 f4 f4 f4 e8 3b a5 e6 ff 48
0x0000026f9ebb1c46:   b9 28 49 c6 37 ff 7f 00 00 48 83 e4 f0 49 ba 00
0x0000026f9ebb1c56:   fe 91 37 ff 7f 00 00 41 ff d2 f4 49 ba 61 1c bb
0x0000026f9ebb1c66:   9e 6f 02 00 00 41 52 e9 2e 54 db ff f4 f4 f4 f4
0x0000026f9ebb1c76:   f4 f4 b0 09 44 00 08 00 00 00 48 09 44 00 08 00
0x0000026f9ebb1c86:   00 00 ff 00 00 00 00 00 00 00 ff ff ff ff 00 00
0x0000026f9ebb1c96:   00 00 00 00 00 00 00 00 00 00 d9 00 00 00 00 00
0x0000026f9ebb1ca6:   00 00 00 00 00 00 00 00 00 00 01 01 01 02 00 00
0x0000026f9ebb1cb6:   00 00 00 00 00 00 00 00 00 00 00 00 00 00 00 00
0x0000026f9ebb1cc6:   00 00 00 00 00 00 00 00 00 00 00 00 00 00 00 00 


Stack slot to memory mapping:
stack at sp + 0 slots: 0x000000d6867fd400 is pointing into the stack for thread: 0x0000026fbd3292d0
stack at sp + 1 slots: 0x000000060891b770 is an oop: java.lang.StringBuffer 
{0x000000060891b770} - klass: 'java/lang/StringBuffer'
 - ---- fields (total size 4 words):
 - 'count' 'I' @12  26 (1a)
 - 'coder' 'B' @16  0
 - 'maybeLatin1' 'Z' @17  false
 - 'value' '[B' @20  [B{0x000000060891b7d0} (c11236fa)
 - private transient 'toStringCache' 'Ljava/lang/String;' @24  "Before start of result set"{0x000000060891b808} (c1123701)
stack at sp + 2 slots: 0x000000d6867fd3e0 is pointing into the stack for thread: 0x0000026fbd3292d0
stack at sp + 3 slots: 0x0000026f9e935c21 is at code_begin+161 in an Interpreter codelet
invokevirtual  182 invokevirtual  [0x0000026f9e935b80, 0x0000026f9e935dd0]  592 bytes
stack at sp + 4 slots: {method} {0x0000026fba3c8198} 'getInt' '(J)I' in 'sun/misc/Unsafe'
stack at sp + 5 slots: 0x00000000000000b6 is an unknown value
stack at sp + 6 slots: 0x000000d6867fd3e0 is pointing into the stack for thread: 0x0000026fbd3292d0
stack at sp + 7 slots: 0x0000026f9e91c3fa is at code_begin+4090 in an Interpreter codelet
return entry points  [0x0000026f9e91b400, 0x0000026f9e91d200]  7680 bytes


Compiled method (c1)    6021  340       1       jdk.internal.misc.Unsafe::getInt (7 bytes)
 total in heap  [0x0000026f9ebb1a10,0x0000026f9ebb1cb8] = 680
 relocation     [0x0000026f9ebb1b70,0x0000026f9ebb1b98] = 40
 main code      [0x0000026f9ebb1ba0,0x0000026f9ebb1c40] = 160
 stub code      [0x0000026f9ebb1c40,0x0000026f9ebb1c78] = 56
 metadata       [0x0000026f9ebb1c78,0x0000026f9ebb1c88] = 16
 scopes data    [0x0000026f9ebb1c88,0x0000026f9ebb1c90] = 8
 scopes pcs     [0x0000026f9ebb1c90,0x0000026f9ebb1cb0] = 32
 dependencies   [0x0000026f9ebb1cb0,0x0000026f9ebb1cb8] = 8

[Constant Pool (empty)]

[MachCode]
[Entry Point]
  # {method} {0x00000008004409b8} 'getInt' '(J)I' in 'jdk/internal/misc/Unsafe'
  # this:     rdx:rdx   = 'jdk/internal/misc/Unsafe'
  # parm0:    r8:r8     = long
  #           [sp+0x40]  (sp of caller)
  0x0000026f9ebb1ba0: 448b 5208 | 49bb 0000 | 0000 0800 | 0000 4d03 | d34c 3bd0 

  0x0000026f9ebb1bb4: ;   {runtime_call ic_miss_stub}
  0x0000026f9ebb1bb4: 0f85 c6fb | daff 660f | 1f44 0000 
[Verified Entry Point]
  0x0000026f9ebb1bc0: 8984 2400 | 90ff ff55 | 4883 ec30 

  0x0000026f9ebb1bcc: ;   {oop(NULL)}
  0x0000026f9ebb1bcc: 48b8 0000 | 0000 0000 | 0000 428b | 0400 4883 

  0x0000026f9ebb1bdc: ;   {poll_return}
  0x0000026f9ebb1bdc: c430 5d49 | 3ba7 7803 | 0000 0f87 | 0100 0000 

  0x0000026f9ebb1bec: ;   {internal_word}
  0x0000026f9ebb1bec: c349 badf | 1bbb 9e6f | 0200 004d | 8997 9003 

  0x0000026f9ebb1bfc: ;   {runtime_call SafepointBlob}
  0x0000026f9ebb1bfc: 0000 e9fd | 61db ff49 | 8b87 2004 | 0000 49c7 | 8720 0400 | 0000 0000 | 0049 c787 | 2804 0000 
  0x0000026f9ebb1c1c: 0000 0000 | 4883 c430 

  0x0000026f9ebb1c24: ;   {runtime_call unwind_exception Runtime1 stub}
  0x0000026f9ebb1c24: 5de9 565d | e6ff f4f4 | f4f4 f4f4 | f4f4 f4f4 | f4f4 f4f4 | f4f4 f4f4 | f4f4 f4f4 
[Exception Handler]
  0x0000026f9ebb1c40: ;   {no_reloc}
  0x0000026f9ebb1c40: e83b a5e6 

  0x0000026f9ebb1c44: ;   {external_word}
  0x0000026f9ebb1c44: ff48 b928 | 49c6 37ff | 7f00 0048 

  0x0000026f9ebb1c50: ;   {runtime_call}
  0x0000026f9ebb1c50: 83e4 f049 | ba00 fe91 | 37ff 7f00 | 0041 ffd2 

  0x0000026f9ebb1c60: ;   {section_word}
  0x0000026f9ebb1c60: f449 ba61 | 1cbb 9e6f | 0200 0041 

  0x0000026f9ebb1c6c: ;   {runtime_call DeoptimizationBlob}
  0x0000026f9ebb1c6c: 52e9 2e54 | dbff f4f4 | f4f4 f4f4 
[/MachCode]


---------------  P R O C E S S  ---------------

Threads class SMR info:
_java_thread_list=0x0000026fbe91d5b0, length=42, elements={
0x0000026fbbc0c8e0, 0x0000026fbbc0d770, 0x0000026fbbc10d50, 0x0000026fbbc13e10,
0x0000026fbbc158f0, 0x0000026fbbc166a0, 0x0000026fbbc17110, 0x0000026fbbc47680,
0x0000026fbbd2efa0, 0x0000026fbbd34900, 0x0000026fbbd34e80, 0x0000026fbbd8bcd0,
0x0000026fbbda6eb0, 0x0000026fbbdad3a0, 0x0000026fbbd2ca70, 0x0000026fbbd2da60,
0x0000026fbbd2fa40, 0x0000026fbd329d70, 0x0000026fbd32c2a0, 0x0000026fbd325db0,
0x0000026fbd32bd50, 0x0000026fbd328d80, 0x0000026fbd32b2b0, 0x0000026fbd326300,
0x0000026fbd32a2c0, 0x0000026fbd328830, 0x0000026fbd32d290, 0x0000026fbd32a810,
0x0000026fbd329820, 0x0000026fbd32ad60, 0x0000026fbd32d7e0, 0x0000026fbd32b800,
0x0000026fbd3292d0, 0x0000026fbd32c7f0, 0x0000026fbd327d90, 0x0000026fbd32cd40,
0x0000026fbd326850, 0x0000026fbd326da0, 0x0000026fbd3272f0, 0x0000026fbd327840,
0x0000026fbbd2c520, 0x0000026fbbd2dfb0
}

Java Threads: ( => current thread )
  0x0000026fbbc0c8e0 JavaThread "Reference Handler" daemon [_thread_blocked, id=8972, stack(0x000000d683700000,0x000000d683800000)]
  0x0000026fbbc0d770 JavaThread "Finalizer" daemon [_thread_blocked, id=11232, stack(0x000000d683800000,0x000000d683900000)]
  0x0000026fbbc10d50 JavaThread "Signal Dispatcher" daemon [_thread_blocked, id=24352, stack(0x000000d683900000,0x000000d683a00000)]
  0x0000026fbbc13e10 JavaThread "Attach Listener" daemon [_thread_blocked, id=3116, stack(0x000000d683a00000,0x000000d683b00000)]
  0x0000026fbbc158f0 JavaThread "Service Thread" daemon [_thread_blocked, id=20544, stack(0x000000d683b00000,0x000000d683c00000)]
  0x0000026fbbc166a0 JavaThread "Monitor Deflation Thread" daemon [_thread_blocked, id=17808, stack(0x000000d683c00000,0x000000d683d00000)]
  0x0000026fbbc17110 JavaThread "C1 CompilerThread0" daemon [_thread_blocked, id=2100, stack(0x000000d683d00000,0x000000d683e00000)]
  0x0000026fbbc47680 JavaThread "Sweeper thread" daemon [_thread_blocked, id=6272, stack(0x000000d683e00000,0x000000d683f00000)]
  0x0000026fbbd2efa0 JavaThread "Common-Cleaner" daemon [_thread_blocked, id=14484, stack(0x000000d683f00000,0x000000d684000000)]
  0x0000026fbbd34900 JavaThread "C1 CompilerThread1" daemon [_thread_blocked, id=4592, stack(0x000000d684000000,0x000000d684100000)]
  0x0000026fbbd34e80 JavaThread "C1 CompilerThread2" daemon [_thread_blocked, id=2208, stack(0x000000d684100000,0x000000d684200000)]
  0x0000026fbbd8bcd0 JavaThread "JDWP Transport Listener: dt_socket" daemon [_thread_blocked, id=6568, stack(0x000000d684200000,0x000000d684300000)]
  0x0000026fbbda6eb0 JavaThread "JDWP Event Helper Thread" daemon [_thread_blocked, id=19516, stack(0x000000d684300000,0x000000d684400000)]
  0x0000026fbbdad3a0 JavaThread "JDWP Command Reader" daemon [_thread_in_native, id=10228, stack(0x000000d684400000,0x000000d684500000)]
  0x0000026fbbd2ca70 JavaThread "Notification Thread" daemon [_thread_blocked, id=10136, stack(0x000000d684500000,0x000000d684600000)]
  0x0000026fbbd2da60 JavaThread "RMI TCP Accept-0" daemon [_thread_in_native, id=25300, stack(0x000000d684700000,0x000000d684800000)]
  0x0000026fbbd2fa40 JavaThread "RMI TCP Connection(1)-192.168.31.17" daemon [_thread_in_native, id=6780, stack(0x000000d685600000,0x000000d685700000)]
  0x0000026fbd329d70 JavaThread "RMI Scheduler(0)" daemon [_thread_blocked, id=12296, stack(0x000000d685700000,0x000000d685800000)]
  0x0000026fbd32c2a0 JavaThread "Catalina-utility-1" [_thread_blocked, id=19276, stack(0x000000d685400000,0x000000d685500000)]
  0x0000026fbd325db0 JavaThread "Catalina-utility-2" [_thread_blocked, id=23928, stack(0x000000d685500000,0x000000d685600000)]
  0x0000026fbd32bd50 JavaThread "container-0" [_thread_blocked, id=2356, stack(0x000000d685a00000,0x000000d685b00000)]
  0x0000026fbd328d80 JavaThread "mysql-cj-abandoned-connection-cleanup" daemon [_thread_blocked, id=12344, stack(0x000000d685b00000,0x000000d685c00000)]
  0x0000026fbd32b2b0 JavaThread "HikariPool-1 housekeeper" daemon [_thread_blocked, id=8632, stack(0x000000d685d00000,0x000000d685e00000)]
  0x0000026fbd326300 JavaThread "HikariPool-1 connection adder" daemon [_thread_blocked, id=23780, stack(0x000000d685e00000,0x000000d685f00000)]
  0x0000026fbd32a2c0 JavaThread "Jndi-Dns-address-change-listener" daemon [_thread_in_native, id=16000, stack(0x000000d685f00000,0x000000d686000000)]
  0x0000026fbd328830 JavaThread "lettuce-timer-3-1" daemon [_thread_blocked, id=23672, stack(0x000000d686000000,0x000000d686100000)]
  0x0000026fbd32d290 JavaThread "File Watcher" daemon [_thread_blocked, id=25576, stack(0x000000d686100000,0x000000d686200000)]
  0x0000026fbd32a810 JavaThread "Live Reload Server" daemon [_thread_in_native, id=22304, stack(0x000000d686300000,0x000000d686400000)]
  0x0000026fbd329820 JavaThread "https-jsse-nio-8091-exec-1" daemon [_thread_blocked, id=25216, stack(0x000000d686200000,0x000000d686300000)]
  0x0000026fbd32ad60 JavaThread "https-jsse-nio-8091-exec-2" daemon [_thread_blocked, id=26272, stack(0x000000d686400000,0x000000d686500000)]
  0x0000026fbd32d7e0 JavaThread "https-jsse-nio-8091-exec-3" daemon [_thread_blocked, id=26344, stack(0x000000d686500000,0x000000d686600000)]
  0x0000026fbd32b800 JavaThread "https-jsse-nio-8091-exec-4" daemon [_thread_blocked, id=8020, stack(0x000000d686600000,0x000000d686700000)]
=>0x0000026fbd3292d0 JavaThread "https-jsse-nio-8091-exec-5" daemon [_thread_in_Java, id=272, stack(0x000000d686700000,0x000000d686800000)]
  0x0000026fbd32c7f0 JavaThread "https-jsse-nio-8091-exec-6" daemon [_thread_blocked, id=4276, stack(0x000000d686800000,0x000000d686900000)]
  0x0000026fbd327d90 JavaThread "https-jsse-nio-8091-exec-7" daemon [_thread_blocked, id=23740, stack(0x000000d686900000,0x000000d686a00000)]
  0x0000026fbd32cd40 JavaThread "https-jsse-nio-8091-exec-8" daemon [_thread_blocked, id=10376, stack(0x000000d686a00000,0x000000d686b00000)]
  0x0000026fbd326850 JavaThread "https-jsse-nio-8091-exec-9" daemon [_thread_blocked, id=24948, stack(0x000000d686b00000,0x000000d686c00000)]
  0x0000026fbd326da0 JavaThread "https-jsse-nio-8091-exec-10" daemon [_thread_blocked, id=8980, stack(0x000000d686c00000,0x000000d686d00000)]
  0x0000026fbd3272f0 JavaThread "https-jsse-nio-8091-Poller" daemon [_thread_in_native, id=19132, stack(0x000000d686d00000,0x000000d686e00000)]
  0x0000026fbd327840 JavaThread "https-jsse-nio-8091-Acceptor" daemon [_thread_in_native, id=7864, stack(0x000000d686e00000,0x000000d686f00000)]
  0x0000026fbbd2c520 JavaThread "DestroyJavaVM" [_thread_blocked, id=19292, stack(0x000000d683000000,0x000000d683100000)]
  0x0000026fbbd2dfb0 JavaThread "RMI TCP Connection(2)-192.168.31.17" daemon [_thread_in_native, id=25532, stack(0x000000d685200000,0x000000d685300000)]

Other Threads:
  0x0000026fb4e52a70 VMThread "VM Thread" [stack: 0x000000d683600000,0x000000d683700000] [id=14568]
  0x0000026f969b29d0 WatcherThread "VM Periodic Task Thread" [stack: 0x000000d684800000,0x000000d684900000] [id=25376]
  0x0000026f96a66780 WorkerThread "GC Thread#0" [stack: 0x000000d683100000,0x000000d683200000] [id=2664]
  0x0000026fbc5dde40 WorkerThread "GC Thread#1" [stack: 0x000000d684900000,0x000000d684a00000] [id=7440]
  0x0000026fbc604a70 WorkerThread "GC Thread#2" [stack: 0x000000d684a00000,0x000000d684b00000] [id=2876]
  0x0000026fbc604d40 WorkerThread "GC Thread#3" [stack: 0x000000d684b00000,0x000000d684c00000] [id=17520]
  0x0000026fbc622710 WorkerThread "GC Thread#4" [stack: 0x000000d684c00000,0x000000d684d00000] [id=15692]
  0x0000026fbc622cb0 WorkerThread "GC Thread#5" [stack: 0x000000d684d00000,0x000000d684e00000] [id=10172]
  0x0000026fbc622440 WorkerThread "GC Thread#6" [stack: 0x000000d684e00000,0x000000d684f00000] [id=5552]
  0x0000026fbc6229e0 WorkerThread "GC Thread#7" [stack: 0x000000d684f00000,0x000000d685000000] [id=1808]
  0x0000026fbc623d90 WorkerThread "GC Thread#8" [stack: 0x000000d685000000,0x000000d685100000] [id=16784]
  0x0000026fbc623250 WorkerThread "GC Thread#9" [stack: 0x000000d685100000,0x000000d685200000] [id=10056]
  0x0000026fb4c6c050 ConcurrentGCThread "G1 Main Marker" [stack: 0x000000d683200000,0x000000d683300000] [id=19736]
  0x0000026fb4c6c990 WorkerThread "G1 Conc#0" [stack: 0x000000d683300000,0x000000d683400000] [id=25932]
  0x0000026fbc622f80 WorkerThread "G1 Conc#1" [stack: 0x000000d685800000,0x000000d685900000] [id=19768]
  0x0000026fbc623520 WorkerThread "G1 Conc#2" [stack: 0x000000d685900000,0x000000d685a00000] [id=26292]
  0x0000026fb4d06ac0 ConcurrentGCThread "G1 Refine#0" [stack: 0x000000d683400000,0x000000d683500000] [id=13712]
  0x0000026fb4d07510 ConcurrentGCThread "G1 Service" [stack: 0x000000d683500000,0x000000d683600000] [id=4840]

Threads with active compile tasks:

VM state: not at safepoint (normal execution)

VM Mutex/Monitor currently owned by a thread: None

Heap address: 0x0000000600c00000, size: 8180 MB, Compressed Oops mode: Zero based, Oop shift amount: 3

CDS archive(s) mapped at: [0x0000000800000000-0x0000000800c30000-0x0000000800c30000), size 12779520, SharedBaseAddress: 0x0000000800000000, ArchiveRelocationMode: 0.
Compressed class space mapped at: 0x0000000801000000-0x0000000841000000, reserved size: 1073741824
Narrow klass base: 0x0000000800000000, Narrow klass shift: 0, Narrow klass range: 0x100000000

GC Precious Log:
 CardTable entry size: 512
 Card Set container configuration: InlinePtr #cards 4 size 8 Array Of Cards #cards 32 size 80 Howl #buckets 8 coarsen threshold 7372 Howl Bitmap #cards 1024 size 144 coarsen threshold 921 Card regions per heap region 1 cards per card region 8192
 CPUs: 12 total, 12 available
 Memory: 32716M
 Large Page Support: Disabled
 NUMA Support: Disabled
 Compressed Oops: Enabled (Zero based)
 Heap Region Size: 4M
 Heap Min Capacity: 8M
 Heap Initial Capacity: 512M
 Heap Max Capacity: 8180M
 Pre-touch: Disabled
 Parallel Workers: 10
 Concurrent Workers: 3
 Concurrent Refinement Workers: 10
 Periodic GC: Disabled

Heap:
 garbage-first heap   total 139264K, used 40198K [0x0000000600c00000, 0x0000000800000000)
  region size 4096K, 4 young (16384K), 1 survivors (4096K)
 Metaspace       used 62093K, committed 62592K, reserved 1114112K
  class space    used 8247K, committed 8512K, reserved 1048576K

Heap Regions: E=young(eden), S=young(survivor), O=old, HS=humongous(starts), HC=humongous(continues), CS=collection set, F=free, OA=open archive, CA=closed archive, TAMS=top-at-mark-start (previous, next)
|   0|0x0000000600c00000, 0x0000000601000000, 0x0000000601000000|100%| O|  |TAMS 0x0000000601000000, 0x0000000600c00000| Untracked 
|   1|0x0000000601000000, 0x0000000601400000, 0x0000000601400000|100%| O|  |TAMS 0x0000000601400000, 0x0000000601000000| Untracked 
|   2|0x0000000601400000, 0x0000000601800000, 0x0000000601800000|100%| O|  |TAMS 0x0000000601800000, 0x0000000601400000| Untracked 
|   3|0x0000000601800000, 0x0000000601c00000, 0x0000000601c00000|100%| O|  |TAMS 0x0000000601c00000, 0x0000000601800000| Untracked 
|   4|0x0000000601c00000, 0x0000000602000000, 0x0000000602000000|100%| O|  |TAMS 0x0000000602000000, 0x0000000601c00000| Untracked 
|   5|0x0000000602000000, 0x0000000602400000, 0x0000000602400000|100%| O|  |TAMS 0x0000000602400000, 0x0000000602000000| Untracked 
|   6|0x0000000602400000, 0x0000000602800000, 0x0000000602800000|100%| O|  |TAMS 0x000000060265fa00, 0x0000000602400000| Untracked 
|   7|0x0000000602800000, 0x00000006029ac600, 0x0000000602c00000| 41%| O|  |TAMS 0x0000000602800000, 0x0000000602800000| Complete 
|   8|0x0000000602c00000, 0x0000000602c00000, 0x0000000603000000|  0%| F|  |TAMS 0x0000000602c00000, 0x0000000602c00000| Untracked 
|   9|0x0000000603000000, 0x0000000603000000, 0x0000000603400000|  0%| F|  |TAMS 0x0000000603000000, 0x0000000603000000| Untracked 
|  10|0x0000000603400000, 0x0000000603400000, 0x0000000603800000|  0%| F|  |TAMS 0x0000000603400000, 0x0000000603400000| Untracked 
|  11|0x0000000603800000, 0x0000000603800000, 0x0000000603c00000|  0%| F|  |TAMS 0x0000000603800000, 0x0000000603800000| Untracked 
|  12|0x0000000603c00000, 0x0000000603c00000, 0x0000000604000000|  0%| F|  |TAMS 0x0000000603c00000, 0x0000000603c00000| Untracked 
|  13|0x0000000604000000, 0x0000000604195530, 0x0000000604400000| 39%| S|CS|TAMS 0x0000000604000000, 0x0000000604000000| Complete 
|  14|0x0000000604400000, 0x0000000604400000, 0x0000000604800000|  0%| F|  |TAMS 0x0000000604400000, 0x0000000604400000| Untracked 
|  15|0x0000000604800000, 0x0000000604800000, 0x0000000604c00000|  0%| F|  |TAMS 0x0000000604800000, 0x0000000604800000| Untracked 
|  16|0x0000000604c00000, 0x0000000604c00000, 0x0000000605000000|  0%| F|  |TAMS 0x0000000604c00000, 0x0000000604c00000| Untracked 
|  17|0x0000000605000000, 0x0000000605000000, 0x0000000605400000|  0%| F|  |TAMS 0x0000000605000000, 0x0000000605000000| Untracked 
|  18|0x0000000605400000, 0x0000000605400000, 0x0000000605800000|  0%| F|  |TAMS 0x0000000605400000, 0x0000000605400000| Untracked 
|  19|0x0000000605800000, 0x0000000605800000, 0x0000000605c00000|  0%| F|  |TAMS 0x0000000605800000, 0x0000000605800000| Untracked 
|  20|0x0000000605c00000, 0x0000000605c00000, 0x0000000606000000|  0%| F|  |TAMS 0x0000000605c00000, 0x0000000605c00000| Untracked 
|  21|0x0000000606000000, 0x0000000606000000, 0x0000000606400000|  0%| F|  |TAMS 0x0000000606000000, 0x0000000606000000| Untracked 
|  22|0x0000000606400000, 0x0000000606400000, 0x0000000606800000|  0%| F|  |TAMS 0x0000000606400000, 0x0000000606400000| Untracked 
|  23|0x0000000606800000, 0x0000000606800000, 0x0000000606c00000|  0%| F|  |TAMS 0x0000000606800000, 0x0000000606800000| Untracked 
|  24|0x0000000606c00000, 0x0000000606c00000, 0x0000000607000000|  0%| F|  |TAMS 0x0000000606c00000, 0x0000000606c00000| Untracked 
|  25|0x0000000607000000, 0x0000000607000000, 0x0000000607400000|  0%| F|  |TAMS 0x0000000607000000, 0x0000000607000000| Untracked 
|  26|0x0000000607400000, 0x0000000607400000, 0x0000000607800000|  0%| F|  |TAMS 0x0000000607400000, 0x0000000607400000| Untracked 
|  27|0x0000000607800000, 0x0000000607800000, 0x0000000607c00000|  0%| F|  |TAMS 0x0000000607800000, 0x0000000607800000| Untracked 
|  28|0x0000000607c00000, 0x0000000607c00000, 0x0000000608000000|  0%| F|  |TAMS 0x0000000607c00000, 0x0000000607c00000| Untracked 
|  29|0x0000000608000000, 0x0000000608000000, 0x0000000608400000|  0%| F|  |TAMS 0x0000000608000000, 0x0000000608000000| Untracked 
|  30|0x0000000608400000, 0x0000000608400000, 0x0000000608800000|  0%| F|  |TAMS 0x0000000608400000, 0x0000000608400000| Untracked 
|  31|0x0000000608800000, 0x000000060891fbf0, 0x0000000608c00000| 28%| E|  |TAMS 0x0000000608800000, 0x0000000608800000| Complete 
|  32|0x0000000608c00000, 0x0000000609000000, 0x0000000609000000|100%| E|CS|TAMS 0x0000000608c00000, 0x0000000608c00000| Complete 
| 127|0x0000000620800000, 0x0000000620c00000, 0x0000000620c00000|100%| E|CS|TAMS 0x0000000620800000, 0x0000000620800000| Complete 

Card table byte_map: [0x0000026fa2c30000,0x0000026fa3c30000] _byte_map_base: 0x0000026f9fc2a000

Marking Bits (Prev, Next): (CMBitMap*) 0x0000026f96a66d00, (CMBitMap*) 0x0000026f96a66cc0
 Prev Bits: [0x0000026facc00000, 0x0000026fb4bd0000)
 Next Bits: [0x0000026fa4c30000, 0x0000026facc00000)

Polling page: 0x0000026f94940000

Metaspace:

Usage:
  Non-class:     52.58 MB used.
      Class:      8.05 MB used.
       Both:     60.64 MB used.

Virtual space:
  Non-class space:       64.00 MB reserved,      52.81 MB ( 83%) committed,  1 nodes.
      Class space:        1.00 GB reserved,       8.31 MB ( <1%) committed,  1 nodes.
             Both:        1.06 GB reserved,      61.12 MB (  6%) committed. 

Chunk freelists:
   Non-Class:  2.44 MB
       Class:  3.72 MB
        Both:  6.16 MB

MaxMetaspaceSize: unlimited
CompressedClassSpaceSize: 1.00 GB
Initial GC threshold: 21.00 MB
Current GC threshold: 99.31 MB
CDS: on
MetaspaceReclaimPolicy: balanced
 - commit_granule_bytes: 65536.
 - commit_granule_words: 8192.
 - virtual_space_node_default_size: 8388608.
 - enlarge_chunks_in_place: 1.
 - new_chunks_are_fully_committed: 0.
 - uncommit_free_chunks: 1.
 - use_allocation_guard: 0.


Internal statistics:

num_allocs_failed_limit: 12.
num_arena_births: 694.
num_arena_deaths: 0.
num_vsnodes_births: 2.
num_vsnodes_deaths: 0.
num_space_committed: 978.
num_space_uncommitted: 0.
num_chunks_returned_to_freelist: 12.
num_chunks_taken_from_freelist: 2673.
num_chunk_merges: 9.
num_chunk_splits: 1972.
num_chunks_enlarged: 1612.
num_inconsistent_stats: 0.

CodeCache: size=49152Kb used=11750Kb max_used=11841Kb free=37401Kb
 bounds [0x0000026f9e900000, 0x0000026f9f4a0000, 0x0000026fa1900000]
 total_blobs=6078 nmethods=5398 adapters=603
 compilation: enabled
              stopped_count=0, restarted_count=0
 full_count=0

Compilation events (20 events):
Event: 5.944 Thread 0x0000026fbbc17110 5389       1       org.jboss.logging.Log4j2Logger::translate (27 bytes)
Event: 5.944 Thread 0x0000026fbbd34900 5390       1       org.apache.logging.log4j.spi.AbstractLogger::isEnabled (9 bytes)
Event: 5.944 Thread 0x0000026fbbd34e80 5392       1       org.apache.logging.slf4j.SLF4JLogger::isEnabled (7 bytes)
Event: 5.944 Thread 0x0000026fbbc17110 nmethod 5389 0x0000026f9ec7e810 code [0x0000026f9ec7e9c0, 0x0000026f9ec7eb08]
Event: 5.945 Thread 0x0000026fbbd34e80 nmethod 5392 0x0000026f9ec7e490 code [0x0000026f9ec7e620, 0x0000026f9ec7e728]
Event: 5.945 Thread 0x0000026fbbd34900 nmethod 5390 0x0000026f9ec7e110 code [0x0000026f9ec7e2c0, 0x0000026f9ec7e3e8]
Event: 5.945 Thread 0x0000026fbbc17110 5391       1       org.apache.logging.slf4j.SLF4JLogger::isEnabledFor (118 bytes)
Event: 5.945 Thread 0x0000026fbbc17110 nmethod 5391 0x0000026f9ec7d690 code [0x0000026f9ec7d8c0, 0x0000026f9ec7dd88]
Event: 5.945 Thread 0x0000026fbbc17110 5393       1       java.util.IdentityHashMap::init (11 bytes)
Event: 5.946 Thread 0x0000026fbbc17110 nmethod 5393 0x0000026f9ec7c990 code [0x0000026f9ec7cb20, 0x0000026f9ec7ccd8]
Event: 5.946 Thread 0x0000026fbbd34e80 5394       1       org.springframework.context.event.GenericApplicationListenerAdapter::resolveDeclaredEventType (57 bytes)
Event: 5.946 Thread 0x0000026fbbd34900 5395       1       org.springframework.context.event.AbstractApplicationEventMulticaster::supportsEvent (52 bytes)
Event: 5.946 Thread 0x0000026fbbd34900 nmethod 5395 0x0000026f9ec7c190 code [0x0000026f9ec7c380, 0x0000026f9ec7c7b8]
Event: 5.946 Thread 0x0000026fbbd34e80 nmethod 5394 0x0000026f9ec7ba90 code [0x0000026f9ec7bc80, 0x0000026f9ec7bf88]
Event: 5.946 Thread 0x0000026fbbd34900 5396       1       org.apache.tomcat.util.buf.AbstractChunk::recycle (21 bytes)
Event: 5.946 Thread 0x0000026fbbc17110 5397       1       org.apache.juli.logging.DirectJDKLog::isDebugEnabled (11 bytes)
Event: 5.946 Thread 0x0000026fbbd34900 nmethod 5396 0x0000026f9ec7b790 code [0x0000026f9ec7b920, 0x0000026f9ec7b9f8]
Event: 5.946 Thread 0x0000026fbbc17110 nmethod 5397 0x0000026f9ec7b390 code [0x0000026f9ec7b520, 0x0000026f9ec7b638]
Event: 5.947 Thread 0x0000026fbbc17110 5398       1       com.mysql.cj.protocol.result.AbstractResultsetRow::getValueFromBytes (46 bytes)
Event: 5.947 Thread 0x0000026fbbc17110 nmethod 5398 0x0000026f9ec7af10 code [0x0000026f9ec7b0e0, 0x0000026f9ec7b2c8]

GC Heap History (20 events):
Event: 1.519 GC heap before
{Heap before GC invocations=4 (full 0):
 garbage-first heap   total 69632K, used 50719K [0x0000000600c00000, 0x0000000800000000)
  region size 4096K, 11 young (45056K), 2 survivors (8192K)
 Metaspace       used 25230K, committed 25664K, reserved 1114112K
  class space    used 3281K, committed 3520K, reserved 1048576K
}
Event: 1.524 GC heap after
{Heap after GC invocations=5 (full 0):
 garbage-first heap   total 69632K, used 15679K [0x0000000600c00000, 0x0000000800000000)
  region size 4096K, 1 young (4096K), 1 survivors (4096K)
 Metaspace       used 25230K, committed 25664K, reserved 1114112K
  class space    used 3281K, committed 3520K, reserved 1048576K
}
Event: 1.568 GC heap before
{Heap before GC invocations=5 (full 0):
 garbage-first heap   total 69632K, used 19775K [0x0000000600c00000, 0x0000000800000000)
  region size 4096K, 2 young (8192K), 1 survivors (4096K)
 Metaspace       used 25792K, committed 26176K, reserved 1114112K
  class space    used 3351K, committed 3520K, reserved 1048576K
}
Event: 1.571 GC heap after
{Heap after GC invocations=6 (full 0):
 garbage-first heap   total 69632K, used 15819K [0x0000000600c00000, 0x0000000800000000)
  region size 4096K, 1 young (4096K), 1 survivors (4096K)
 Metaspace       used 25792K, committed 26176K, reserved 1114112K
  class space    used 3351K, committed 3520K, reserved 1048576K
}
Event: 1.879 GC heap before
{Heap before GC invocations=6 (full 0):
 garbage-first heap   total 69632K, used 36299K [0x0000000600c00000, 0x0000000800000000)
  region size 4096K, 7 young (28672K), 1 survivors (4096K)
 Metaspace       used 29718K, committed 30080K, reserved 1114112K
  class space    used 3995K, committed 4160K, reserved 1048576K
}
Event: 1.882 GC heap after
{Heap after GC invocations=7 (full 0):
 garbage-first heap   total 69632K, used 17607K [0x0000000600c00000, 0x0000000800000000)
  region size 4096K, 1 young (4096K), 1 survivors (4096K)
 Metaspace       used 29718K, committed 30080K, reserved 1114112K
  class space    used 3995K, committed 4160K, reserved 1048576K
}
Event: 2.176 GC heap before
{Heap before GC invocations=7 (full 0):
 garbage-first heap   total 69632K, used 42183K [0x0000000600c00000, 0x0000000800000000)
  region size 4096K, 8 young (32768K), 1 survivors (4096K)
 Metaspace       used 33364K, committed 33792K, reserved 1114112K
  class space    used 4461K, committed 4672K, reserved 1048576K
}
Event: 2.178 GC heap after
{Heap after GC invocations=8 (full 0):
 garbage-first heap   total 69632K, used 19608K [0x0000000600c00000, 0x0000000800000000)
  region size 4096K, 1 young (4096K), 1 survivors (4096K)
 Metaspace       used 33364K, committed 33792K, reserved 1114112K
  class space    used 4461K, committed 4672K, reserved 1048576K
}
Event: 2.332 GC heap before
{Heap before GC invocations=8 (full 0):
 garbage-first heap   total 69632K, used 31896K [0x0000000600c00000, 0x0000000800000000)
  region size 4096K, 5 young (20480K), 1 survivors (4096K)
 Metaspace       used 35753K, committed 36160K, reserved 1114112K
  class space    used 4780K, committed 4992K, reserved 1048576K
}
Event: 2.335 GC heap after
{Heap after GC invocations=9 (full 0):
 garbage-first heap   total 69632K, used 20713K [0x0000000600c00000, 0x0000000800000000)
  region size 4096K, 1 young (4096K), 1 survivors (4096K)
 Metaspace       used 35753K, committed 36160K, reserved 1114112K
  class space    used 4780K, committed 4992K, reserved 1048576K
}
Event: 2.738 GC heap before
{Heap before GC invocations=10 (full 0):
 garbage-first heap   total 69632K, used 45289K [0x0000000600c00000, 0x0000000800000000)
  region size 4096K, 7 young (28672K), 1 survivors (4096K)
 Metaspace       used 42145K, committed 42624K, reserved 1114112K
  class space    used 5765K, committed 6016K, reserved 1048576K
}
Event: 2.740 GC heap after
{Heap after GC invocations=11 (full 0):
 garbage-first heap   total 69632K, used 22295K [0x0000000600c00000, 0x0000000800000000)
  region size 4096K, 1 young (4096K), 1 survivors (4096K)
 Metaspace       used 42145K, committed 42624K, reserved 1114112K
  class space    used 5765K, committed 6016K, reserved 1048576K
}
Event: 3.002 GC heap before
{Heap before GC invocations=11 (full 0):
 garbage-first heap   total 69632K, used 46871K [0x0000000600c00000, 0x0000000800000000)
  region size 4096K, 7 young (28672K), 1 survivors (4096K)
 Metaspace       used 46307K, committed 46784K, reserved 1114112K
  class space    used 6306K, committed 6528K, reserved 1048576K
}
Event: 3.004 GC heap after
{Heap after GC invocations=12 (full 0):
 garbage-first heap   total 69632K, used 24368K [0x0000000600c00000, 0x0000000800000000)
  region size 4096K, 1 young (4096K), 1 survivors (4096K)
 Metaspace       used 46307K, committed 46784K, reserved 1114112K
  class space    used 6306K, committed 6528K, reserved 1048576K
}
Event: 3.361 GC heap before
{Heap before GC invocations=12 (full 0):
 garbage-first heap   total 69632K, used 53040K [0x0000000600c00000, 0x0000000800000000)
  region size 4096K, 8 young (32768K), 1 survivors (4096K)
 Metaspace       used 52656K, committed 53184K, reserved 1114112K
  class space    used 7122K, committed 7360K, reserved 1048576K
}
Event: 3.364 GC heap after
{Heap after GC invocations=13 (full 0):
 garbage-first heap   total 69632K, used 26889K [0x0000000600c00000, 0x0000000800000000)
  region size 4096K, 1 young (4096K), 1 survivors (4096K)
 Metaspace       used 52656K, committed 53184K, reserved 1114112K
  class space    used 7122K, committed 7360K, reserved 1048576K
}
Event: 3.615 GC heap before
{Heap before GC invocations=13 (full 0):
 garbage-first heap   total 69632K, used 51465K [0x0000000600c00000, 0x0000000800000000)
  region size 4096K, 7 young (28672K), 1 survivors (4096K)
 Metaspace       used 57256K, committed 57728K, reserved 1114112K
  class space    used 7634K, committed 7872K, reserved 1048576K
}
Event: 3.618 GC heap after
{Heap after GC invocations=14 (full 0):
 garbage-first heap   total 69632K, used 30435K [0x0000000600c00000, 0x0000000800000000)
  region size 4096K, 1 young (4096K), 1 survivors (4096K)
 Metaspace       used 57256K, committed 57728K, reserved 1114112K
  class space    used 7634K, committed 7872K, reserved 1048576K
}
Event: 5.700 GC heap before
{Heap before GC invocations=14 (full 0):
 garbage-first heap   total 69632K, used 34531K [0x0000000600c00000, 0x0000000800000000)
  region size 4096K, 4 young (16384K), 1 survivors (4096K)
 Metaspace       used 60056K, committed 60608K, reserved 1114112K
  class space    used 7998K, committed 8256K, reserved 1048576K
}
Event: 5.704 GC heap after
{Heap after GC invocations=15 (full 0):
 garbage-first heap   total 299008K, used 32006K [0x0000000600c00000, 0x0000000800000000)
  region size 4096K, 1 young (4096K), 1 survivors (4096K)
 Metaspace       used 60056K, committed 60608K, reserved 1114112K
  class space    used 7998K, committed 8256K, reserved 1048576K
}

Dll operation events (13 events):
Event: 0.008 Loaded shared library C:\Users\a57520\.jdks\openjdk-19.0.1\bin\java.dll
Event: 0.009 Loaded shared library C:\Users\a57520\.jdks\openjdk-19.0.1\bin\zip.dll
Event: 0.016 Loaded shared library C:\Users\a57520\.jdks\openjdk-19.0.1\bin\jsvml.dll
Event: 0.142 Loaded shared library C:\Users\a57520\.jdks\openjdk-19.0.1\bin\instrument.dll
Event: 0.156 Loaded shared library C:\Users\a57520\.jdks\openjdk-19.0.1\bin\jimage.dll
Event: 0.162 Loaded shared library C:\Users\a57520\.jdks\openjdk-19.0.1\bin\net.dll
Event: 0.164 Loaded shared library C:\Users\a57520\.jdks\openjdk-19.0.1\bin\nio.dll
Event: 0.167 Loaded shared library C:\Users\a57520\.jdks\openjdk-19.0.1\bin\zip.dll
Event: 0.242 Loaded shared library C:\Users\a57520\.jdks\openjdk-19.0.1\bin\management.dll
Event: 0.251 Loaded shared library C:\Users\a57520\.jdks\openjdk-19.0.1\bin\management_ext.dll
Event: 0.444 Loaded shared library C:\Users\a57520\.jdks\openjdk-19.0.1\bin\extnet.dll
Event: 0.467 Loaded shared library C:\Users\a57520\.jdks\openjdk-19.0.1\bin\verify.dll
Event: 3.237 Loaded shared library C:\Users\a57520\.jdks\openjdk-19.0.1\bin\sunmscapi.dll

Deoptimization events (20 events):
Event: 5.905 Thread 0x0000026fbd32c7f0 DEOPT PACKING pc=0x0000026f9f26ef34 sp=0x000000d6868fc380
Event: 5.905 Thread 0x0000026fbd32c7f0 DEOPT UNPACKING pc=0x0000026f9e967543 sp=0x000000d6868fb9d8 mode 1
Event: 5.905 Thread 0x0000026fbd32c7f0 DEOPT PACKING pc=0x0000026f9edd5539 sp=0x000000d6868fc360
Event: 5.905 Thread 0x0000026fbd32c7f0 DEOPT UNPACKING pc=0x0000026f9e967543 sp=0x000000d6868fb7b8 mode 1
Event: 5.905 Thread 0x0000026fbd32c7f0 DEOPT PACKING pc=0x0000026f9edd451c sp=0x000000d6868fc3f0
Event: 5.905 Thread 0x0000026fbd32c7f0 DEOPT UNPACKING pc=0x0000026f9e967543 sp=0x000000d6868fb898 mode 1
Event: 5.905 Thread 0x0000026fbd32c7f0 DEOPT PACKING pc=0x0000026f9f26ef34 sp=0x000000d6868fc440
Event: 5.905 Thread 0x0000026fbd32c7f0 DEOPT UNPACKING pc=0x0000026f9e967543 sp=0x000000d6868fba98 mode 1
Event: 5.906 Thread 0x0000026fbd32c7f0 DEOPT PACKING pc=0x0000026f9edd5539 sp=0x000000d6868fc430
Event: 5.906 Thread 0x0000026fbd32c7f0 DEOPT UNPACKING pc=0x0000026f9e967543 sp=0x000000d6868fb888 mode 1
Event: 5.906 Thread 0x0000026fbd32c7f0 DEOPT PACKING pc=0x0000026f9edd451c sp=0x000000d6868fc4c0
Event: 5.906 Thread 0x0000026fbd32c7f0 DEOPT UNPACKING pc=0x0000026f9e967543 sp=0x000000d6868fb968 mode 1
Event: 5.906 Thread 0x0000026fbd32c7f0 DEOPT PACKING pc=0x0000026f9f26ef34 sp=0x000000d6868fc510
Event: 5.906 Thread 0x0000026fbd32c7f0 DEOPT UNPACKING pc=0x0000026f9e967543 sp=0x000000d6868fbb68 mode 1
Event: 5.992 Thread 0x0000026fbd3292d0 DEOPT PACKING pc=0x0000026f9eff8e34 sp=0x000000d6867fc460
Event: 5.992 Thread 0x0000026fbd3292d0 DEOPT UNPACKING pc=0x0000026f9e967543 sp=0x000000d6867fb988 mode 1
Event: 5.992 Thread 0x0000026fbd3292d0 DEOPT PACKING pc=0x0000026f9effb434 sp=0x000000d6867fc540
Event: 5.992 Thread 0x0000026fbd3292d0 DEOPT UNPACKING pc=0x0000026f9e967543 sp=0x000000d6867fbae8 mode 1
Event: 5.992 Thread 0x0000026fbd3292d0 DEOPT PACKING pc=0x0000026f9eff9d2c sp=0x000000d6867fc6a0
Event: 5.992 Thread 0x0000026fbd3292d0 DEOPT UNPACKING pc=0x0000026f9e967543 sp=0x000000d6867fbc50 mode 1

Classes loaded (20 events):
Event: 5.944 Loading class org/hibernate/resource/transaction/backend/jta/internal/synchronization/SynchronizationCallbackTarget
Event: 5.944 Loading class org/hibernate/resource/transaction/backend/jta/internal/synchronization/SynchronizationCallbackTarget done
Event: 5.944 Loading class java/sql/Statement
Event: 5.944 Loading class java/sql/Statement done
Event: 5.944 Loading class java/sql/Statement
Event: 5.944 Loading class java/sql/Statement done
Event: 5.945 Loading class java/sql/Statement
Event: 5.945 Loading class java/sql/Statement done
Event: 5.945 Loading class java/sql/Statement
Event: 5.945 Loading class java/sql/Statement done
Event: 5.945 Loading class java/sql/Statement
Event: 5.945 Loading class java/sql/Statement done
Event: 5.945 Loading class java/sql/ResultSet
Event: 5.945 Loading class java/sql/ResultSet done
Event: 5.945 Loading class java/sql/ResultSet
Event: 5.945 Loading class java/sql/ResultSet done
Event: 5.945 Loading class java/sql/ResultSet
Event: 5.945 Loading class java/sql/ResultSet done
Event: 5.945 Loading class java/sql/ResultSet
Event: 5.945 Loading class java/sql/ResultSet done

Classes unloaded (0 events):
No events

Classes redefined (0 events):
No events

Internal exceptions (20 events):
Event: 3.451 Thread 0x0000026fbbd2c520 Exception <a 'java/lang/ClassNotFoundException'{0x000000061c4b6688}: java/lang/ObjectCustomizer> (0x000000061c4b6688) 
thrown [s\open\src\hotspot\share\classfile\systemDictionary.cpp, line 255]
Event: 3.452 Thread 0x0000026fbbd2c520 Exception <a 'java/lang/ClassNotFoundException'{0x000000061c4bd748}: org/springframework/data/keyvalue/core/AbstractKeyValueAdapterCustomizer> (0x000000061c4bd748) 
thrown [s\open\src\hotspot\share\classfile\systemDictionary.cpp, line 255]
Event: 3.452 Thread 0x0000026fbbd2c520 Exception <a 'java/lang/ClassNotFoundException'{0x000000061c4ca918}: org/springframework/data/redis/core/RedisKeyValueAdapterCustomizer> (0x000000061c4ca918) 
thrown [s\open\src\hotspot\share\classfile\systemDictionary.cpp, line 255]
Event: 3.453 Thread 0x0000026fbbd2c520 Exception <a 'java/lang/ClassNotFoundException'{0x000000061c4ee1e0}: org/springframework/beans/factory/InitializingBeanCustomizer> (0x000000061c4ee1e0) 
thrown [s\open\src\hotspot\share\classfile\systemDictionary.cpp, line 255]
Event: 3.453 Thread 0x0000026fbbd2c520 Exception <a 'java/lang/ClassNotFoundException'{0x000000061c4f24c0}: org/springframework/context/ApplicationContextAwareCustomizer> (0x000000061c4f24c0) 
thrown [s\open\src\hotspot\share\classfile\systemDictionary.cpp, line 255]
Event: 3.454 Thread 0x0000026fbbd2c520 Exception <a 'java/lang/ClassNotFoundException'{0x000000061c4f7240}: org/springframework/beans/factory/AwareCustomizer> (0x000000061c4f7240) 
thrown [s\open\src\hotspot\share\classfile\systemDictionary.cpp, line 255]
Event: 3.454 Thread 0x0000026fbbd2c520 Exception <a 'java/lang/ClassNotFoundException'{0x000000061c4facd8}: org/springframework/context/ApplicationListenerCustomizer> (0x000000061c4facd8) 
thrown [s\open\src\hotspot\share\classfile\systemDictionary.cpp, line 255]
Event: 3.455 Thread 0x0000026fbbd2c520 Exception <a 'java/lang/ClassNotFoundException'{0x000000061c4ffb70}: java/util/EventListenerCustomizer> (0x000000061c4ffb70) 
thrown [s\open\src\hotspot\share\classfile\systemDictionary.cpp, line 255]
Event: 3.455 Thread 0x0000026fbbd2c520 Exception <a 'java/lang/ClassNotFoundException'{0x000000061c503d30}: org/springframework/data/keyvalue/core/KeyValueAdapterCustomizer> (0x000000061c503d30) 
thrown [s\open\src\hotspot\share\classfile\systemDictionary.cpp, line 255]
Event: 3.456 Thread 0x0000026fbbd2c520 Exception <a 'java/lang/ClassNotFoundException'{0x000000061c5173f8}: org/springframework/beans/factory/DisposableBeanCustomizer> (0x000000061c5173f8) 
thrown [s\open\src\hotspot\share\classfile\systemDictionary.cpp, line 255]
Event: 3.506 Thread 0x0000026fbbd2c520 Exception <a 'java/lang/NoSuchMethodError'{0x00000006041e57d0}: 'java.lang.Object java.lang.invoke.DirectMethodHandle$Holder.invokeSpecial(java.lang.Object, java.lang.Object, int, java.lang.Object, int, java.lang.Object)'> (0x00000006041e57d0) 
thrown [s\open\src\hotspot\share\interpreter\linkResolver.cpp, line 774]
Event: 3.506 Thread 0x0000026fbbd2c520 Exception <a 'java/lang/NoSuchMethodError'{0x00000006041ed5a8}: 'java.lang.Object java.lang.invoke.DirectMethodHandle$Holder.newInvokeSpecial(java.lang.Object, java.lang.Object, int, java.lang.Object, int)'> (0x00000006041ed5a8) 
thrown [s\open\src\hotspot\share\interpreter\linkResolver.cpp, line 774]
Event: 3.507 Thread 0x0000026fbbd2c520 Exception <a 'java/lang/NoSuchMethodError'{0x00000006041f16c0}: 'java.lang.Object java.lang.invoke.DirectMethodHandle$Holder.invokeSpecial(java.lang.Object, java.lang.Object, java.lang.Object, int, java.lang.Object, int)'> (0x00000006041f16c0) 
thrown [s\open\src\hotspot\share\interpreter\linkResolver.cpp, line 774]
Event: 3.524 Thread 0x0000026fbbd2c520 Exception <a 'sun/nio/fs/WindowsException'{0x0000000604311638}> (0x0000000604311638) 
thrown [s\open\src\hotspot\share\prims\jni.cpp, line 517]
Event: 3.756 Thread 0x0000026fbbd2dfb0 Exception <a 'java/lang/NoSuchMethodError'{0x0000000620b0a1f0}: 'java.lang.Object java.lang.invoke.DirectMethodHandle$Holder.invokeInterface(java.lang.Object, java.lang.Object, java.lang.Object, java.lang.Object, java.lang.Object, java.lang.Object, java.lang.Object)'> (0x0000000620b0a1f0) 
thrown [s\open\src\hotspot\share\interpreter\linkResolver.cpp, line 774]
Event: 5.782 Thread 0x0000026fbd32b800 Exception <a 'java/lang/NoSuchMethodError'{0x0000000608c8b970}: 'void java.lang.invoke.DirectMethodHandle$Holder.invokeSpecial(java.lang.Object, java.lang.Object, java.lang.Object, java.lang.Object, java.lang.Object, java.lang.Object, java.lang.Object)'> (0x0000000608c8b970) 
thrown [s\open\src\hotspot\share\interpreter\linkResolver.cpp, line 774]
Event: 5.782 Thread 0x0000026fbd32c7f0 Exception <a 'java/lang/NoSuchMethodError'{0x0000000608caec00}: 'void java.lang.invoke.DirectMethodHandle$Holder.invokeSpecial(java.lang.Object, java.lang.Object, java.lang.Object, java.lang.Object, java.lang.Object, java.lang.Object, java.lang.Object)'> (0x0000000608caec00) 
thrown [s\open\src\hotspot\share\interpreter\linkResolver.cpp, line 774]
Event: 5.782 Thread 0x0000026fbd3292d0 Exception <a 'java/lang/NoSuchMethodError'{0x0000000608cad0b8}: 'void java.lang.invoke.DirectMethodHandle$Holder.invokeSpecial(java.lang.Object, java.lang.Object, java.lang.Object, java.lang.Object, java.lang.Object, java.lang.Object, java.lang.Object)'> (0x0000000608cad0b8) 
thrown [s\open\src\hotspot\share\interpreter\linkResolver.cpp, line 774]
Event: 5.782 Thread 0x0000026fbd32ad60 Exception <a 'java/lang/NoSuchMethodError'{0x0000000608c92518}: 'void java.lang.invoke.DirectMethodHandle$Holder.invokeSpecial(java.lang.Object, java.lang.Object, java.lang.Object, java.lang.Object, java.lang.Object, java.lang.Object, java.lang.Object)'> (0x0000000608c92518) 
thrown [s\open\src\hotspot\share\interpreter\linkResolver.cpp, line 774]
Event: 5.992 Thread 0x0000026fbd3292d0 Implicit null exception at 0x0000026f9ebb1bd6 to 0x0000000000000000

VM Operations (20 events):
Event: 5.689 Executing VM operation: HandshakeAllThreads
Event: 5.689 Executing VM operation: HandshakeAllThreads done
Event: 5.700 Executing VM operation: CollectForMetadataAllocation
Event: 5.704 Executing VM operation: CollectForMetadataAllocation done
Event: 5.705 Executing VM operation: Cleanup
Event: 5.705 Executing VM operation: Cleanup done
Event: 5.714 Executing VM operation: CollectForMetadataAllocation
Event: 5.714 Executing VM operation: CollectForMetadataAllocation done
Event: 5.718 Executing VM operation: G1PauseRemark
Event: 5.720 Executing VM operation: G1PauseRemark done
Event: 5.721 Executing VM operation: Cleanup
Event: 5.721 Executing VM operation: Cleanup done
Event: 5.726 Executing VM operation: G1PauseCleanup
Event: 5.727 Executing VM operation: G1PauseCleanup done
Event: 5.886 Executing VM operation: HandshakeAllThreads
Event: 5.887 Executing VM operation: HandshakeAllThreads done
Event: 5.889 Executing VM operation: HandshakeAllThreads
Event: 5.889 Executing VM operation: HandshakeAllThreads done
Event: 5.923 Executing VM operation: HandshakeAllThreads
Event: 5.923 Executing VM operation: HandshakeAllThreads done

Events (20 events):
Event: 3.615 Thread 0x0000026fbd327d90 Thread added: 0x0000026fbd327d90
Event: 3.615 Thread 0x0000026fbd32cd40 Thread added: 0x0000026fbd32cd40
Event: 3.615 Thread 0x0000026fbd326850 Thread added: 0x0000026fbd326850
Event: 3.618 Thread 0x0000026fbd326da0 Thread added: 0x0000026fbd326da0
Event: 3.622 Thread 0x0000026fbd3272f0 Thread added: 0x0000026fbd3272f0
Event: 3.623 Thread 0x0000026fbd327840 Thread added: 0x0000026fbd327840
Event: 3.635 Thread 0x0000026fbbd2c520 Thread exited: 0x0000026fbbd2c520
Event: 3.637 Thread 0x0000026fbbd2ea50 Thread exited: 0x0000026fbbd2ea50
Event: 3.638 Thread 0x0000026f969b1aa0 Thread exited: 0x0000026f969b1aa0
Event: 3.638 Thread 0x0000026fbbd2c520 Thread added: 0x0000026fbbd2c520
Event: 3.740 Thread 0x0000026fbbd2dfb0 Thread added: 0x0000026fbbd2dfb0
Event: 3.742 Thread 0x0000026fbbd2dfb0 Thread exited: 0x0000026fbbd2dfb0
Event: 3.743 Thread 0x0000026fbbd2dfb0 Thread added: 0x0000026fbbd2dfb0
Event: 3.752 Thread 0x0000026fbbd2dfb0 Thread exited: 0x0000026fbbd2dfb0
Event: 3.753 Thread 0x0000026fbbd2dfb0 Thread added: 0x0000026fbbd2dfb0
Event: 3.754 Thread 0x0000026fbbd2ea50 Thread added: 0x0000026fbbd2ea50
Event: 3.758 Thread 0x0000026fbbd2ea50 Thread exited: 0x0000026fbbd2ea50
Event: 3.758 Thread 0x0000026fbbd2f4f0 Thread added: 0x0000026fbbd2f4f0
Event: 3.762 Thread 0x0000026fbbd2f4f0 Thread exited: 0x0000026fbbd2f4f0
Event: 5.543 Thread 0x0000026fbc44d1b0 Thread exited: 0x0000026fbc44d1b0


Dynamic libraries:
0x00007ff7d4d50000 - 0x00007ff7d4d5e000 	C:\Users\a57520\.jdks\openjdk-19.0.1\bin\java.exe
0x00007ffff6390000 - 0x00007ffff6588000 	C:\WINDOWS\SYSTEM32\ntdll.dll
0x00007ffff55a0000 - 0x00007ffff565f000 	C:\WINDOWS\System32\KERNEL32.DLL
0x00007ffff3cd0000 - 0x00007ffff3fc6000 	C:\WINDOWS\System32\KERNELBASE.dll
0x00007ffff4120000 - 0x00007ffff4220000 	C:\WINDOWS\System32\ucrtbase.dll
0x00007fff67b20000 - 0x00007fff67b37000 	C:\Users\a57520\.jdks\openjdk-19.0.1\bin\jli.dll
0x00007fff67da0000 - 0x00007fff67dbb000 	C:\Users\a57520\.jdks\openjdk-19.0.1\bin\VCRUNTIME140.dll
0x00007ffff53d0000 - 0x00007ffff556d000 	C:\WINDOWS\System32\USER32.dll
0x00007ffff3fd0000 - 0x00007ffff3ff2000 	C:\WINDOWS\System32\win32u.dll
0x00007fffe48c0000 - 0x00007fffe4b5a000 	C:\WINDOWS\WinSxS\amd64_microsoft.windows.common-controls_6595b64144ccf1df_6.0.19041.1110_none_60b5254171f9507e\COMCTL32.dll
0x00007ffff5570000 - 0x00007ffff559c000 	C:\WINDOWS\System32\GDI32.dll
0x00007ffff43f0000 - 0x00007ffff448e000 	C:\WINDOWS\System32\msvcrt.dll
0x00007ffff4000000 - 0x00007ffff4115000 	C:\WINDOWS\System32\gdi32full.dll
0x00007ffff4350000 - 0x00007ffff43ed000 	C:\WINDOWS\System32\msvcp_win.dll
0x00007ffff5f00000 - 0x00007ffff5f30000 	C:\WINDOWS\System32\IMM32.DLL
0x00007fffcd0e0000 - 0x00007fffcd0ec000 	C:\Users\a57520\.jdks\openjdk-19.0.1\bin\vcruntime140_1.dll
0x00007fff605c0000 - 0x00007fff6064e000 	C:\Users\a57520\.jdks\openjdk-19.0.1\bin\msvcp140.dll
0x00007fff37300000 - 0x00007fff37fc0000 	C:\Users\a57520\.jdks\openjdk-19.0.1\bin\server\jvm.dll
0x00007ffff4640000 - 0x00007ffff46ef000 	C:\WINDOWS\System32\ADVAPI32.dll
0x00007ffff6000000 - 0x00007ffff609c000 	C:\WINDOWS\System32\sechost.dll
0x00007ffff4510000 - 0x00007ffff4636000 	C:\WINDOWS\System32\RPCRT4.dll
0x00007fffef0c0000 - 0x00007fffef0c9000 	C:\WINDOWS\SYSTEM32\WSOCK32.dll
0x00007fffebd10000 - 0x00007fffebd37000 	C:\WINDOWS\SYSTEM32\WINMM.dll
0x00007fffebd40000 - 0x00007fffebd4a000 	C:\WINDOWS\SYSTEM32\VERSION.dll
0x00007ffff5240000 - 0x00007ffff52ab000 	C:\WINDOWS\System32\WS2_32.dll
0x00007ffff1860000 - 0x00007ffff1872000 	C:\WINDOWS\SYSTEM32\kernel.appcore.dll
0x00007fffcca90000 - 0x00007fffcca9a000 	C:\Users\a57520\.jdks\openjdk-19.0.1\bin\jimage.dll
0x00007fffe8c60000 - 0x00007fffe8e44000 	C:\WINDOWS\SYSTEM32\DBGHELP.DLL
0x00007fffdd6a0000 - 0x00007fffdd6d4000 	C:\WINDOWS\SYSTEM32\dbgcore.DLL
0x00007ffff4250000 - 0x00007ffff42d2000 	C:\WINDOWS\System32\bcryptPrimitives.dll
0x00007fffe2750000 - 0x00007fffe278c000 	C:\Users\a57520\.jdks\openjdk-19.0.1\bin\jdwp.dll
0x00007fffe2740000 - 0x00007fffe274e000 	C:\Users\a57520\.jdks\openjdk-19.0.1\bin\instrument.dll
0x00007fff657f0000 - 0x00007fff65816000 	C:\Users\a57520\.jdks\openjdk-19.0.1\bin\java.dll
0x00007fff65860000 - 0x00007fff65878000 	C:\Users\a57520\.jdks\openjdk-19.0.1\bin\zip.dll
0x00007fff603f0000 - 0x00007fff604c7000 	C:\Users\a57520\.jdks\openjdk-19.0.1\bin\jsvml.dll
0x00007ffff57b0000 - 0x00007ffff5ef4000 	C:\WINDOWS\System32\SHELL32.dll
0x00007ffff1b40000 - 0x00007ffff22d4000 	C:\WINDOWS\SYSTEM32\windows.storage.dll
0x00007ffff4810000 - 0x00007ffff4b64000 	C:\WINDOWS\System32\combase.dll
0x00007ffff3440000 - 0x00007ffff346e000 	C:\WINDOWS\SYSTEM32\Wldp.dll
0x00007ffff60a0000 - 0x00007ffff614d000 	C:\WINDOWS\System32\SHCORE.dll
0x00007ffff61c0000 - 0x00007ffff6215000 	C:\WINDOWS\System32\shlwapi.dll
0x00007ffff39a0000 - 0x00007ffff39c5000 	C:\WINDOWS\SYSTEM32\profapi.dll
0x00007fffe2730000 - 0x00007fffe273c000 	C:\Users\a57520\.jdks\openjdk-19.0.1\bin\dt_socket.dll
0x00007ffff2e30000 - 0x00007ffff2e6c000 	C:\WINDOWS\SYSTEM32\IPHLPAPI.DLL
0x00007ffff3140000 - 0x00007ffff31aa000 	C:\WINDOWS\system32\mswsock.dll
0x00007fff677e0000 - 0x00007fff677f3000 	C:\Users\a57520\.jdks\openjdk-19.0.1\bin\net.dll
0x00007fffed1b0000 - 0x00007fffed2ba000 	C:\WINDOWS\SYSTEM32\WINHTTP.dll
0x00007fff676e0000 - 0x00007fff676f6000 	C:\Users\a57520\.jdks\openjdk-19.0.1\bin\nio.dll
0x00007ffff2e70000 - 0x00007ffff2f3a000 	C:\WINDOWS\SYSTEM32\DNSAPI.dll
0x00007ffff61b0000 - 0x00007ffff61b8000 	C:\WINDOWS\System32\NSI.dll
0x00007fffe1e40000 - 0x00007fffe1e4a000 	C:\Windows\System32\rasadhlp.dll
0x00007fffe7d80000 - 0x00007fffe7e02000 	C:\WINDOWS\System32\fwpuclnt.dll
0x00007ffff4220000 - 0x00007ffff4247000 	C:\WINDOWS\System32\bcrypt.dll
0x00007fffef480000 - 0x00007fffef48a000 	C:\Users\a57520\.jdks\openjdk-19.0.1\bin\management.dll
0x00007fffef470000 - 0x00007fffef47b000 	C:\Users\a57520\.jdks\openjdk-19.0.1\bin\management_ext.dll
0x00007ffff57a0000 - 0x00007ffff57a8000 	C:\WINDOWS\System32\PSAPI.DLL
0x00007ffff3330000 - 0x00007ffff3348000 	C:\WINDOWS\SYSTEM32\CRYPTSP.dll
0x00007ffff2a60000 - 0x00007ffff2a94000 	C:\WINDOWS\system32\rsaenh.dll
0x00007ffff3920000 - 0x00007ffff394e000 	C:\WINDOWS\SYSTEM32\USERENV.dll
0x00007ffff3350000 - 0x00007ffff335c000 	C:\WINDOWS\SYSTEM32\CRYPTBASE.dll
0x00007fffed610000 - 0x00007fffed627000 	C:\WINDOWS\SYSTEM32\dhcpcsvc6.DLL
0x00007fffedd90000 - 0x00007fffeddad000 	C:\WINDOWS\SYSTEM32\dhcpcsvc.DLL
0x00007fffd9770000 - 0x00007fffd9787000 	C:\WINDOWS\system32\napinsp.dll
0x00007fffd8f40000 - 0x00007fffd8f5b000 	C:\WINDOWS\system32\pnrpnsp.dll
0x00007fffe9d80000 - 0x00007fffe9d95000 	C:\WINDOWS\system32\wshbth.dll
0x00007fffef450000 - 0x00007fffef46d000 	C:\WINDOWS\system32\NLAapi.dll
0x00007fffd8f20000 - 0x00007fffd8f32000 	C:\WINDOWS\System32\winrnr.dll
0x00007fffc8960000 - 0x00007fffc8968000 	C:\Users\a57520\.jdks\openjdk-19.0.1\bin\extnet.dll
0x00007fffb4b10000 - 0x00007fffb4b20000 	C:\Users\a57520\.jdks\openjdk-19.0.1\bin\verify.dll
0x00007fff676b0000 - 0x00007fff676be000 	C:\Users\a57520\.jdks\openjdk-19.0.1\bin\sunmscapi.dll
0x00007ffff3a70000 - 0x00007ffff3bce000 	C:\WINDOWS\System32\CRYPT32.dll
0x00007ffff34b0000 - 0x00007ffff34d8000 	C:\WINDOWS\SYSTEM32\ncrypt.dll
0x00007ffff3470000 - 0x00007ffff34ab000 	C:\WINDOWS\SYSTEM32\NTASN1.dll
0x00007fffd1530000 - 0x00007fffd1537000 	C:\WINDOWS\system32\wshunix.dll

dbghelp: loaded successfully - version: 4.0.5 - missing functions: none
symbol engine: initialized successfully - sym options: 0x614 - pdb path: .;C:\Users\a57520\.jdks\openjdk-19.0.1\bin;C:\WINDOWS\SYSTEM32;C:\WINDOWS\WinSxS\amd64_microsoft.windows.common-controls_6595b64144ccf1df_6.0.19041.1110_none_60b5254171f9507e;C:\Users\a57520\.jdks\openjdk-19.0.1\bin\server

VM Arguments:
jvm_args: -agentlib:jdwp=transport=dt_socket,address=127.0.0.1:64792,suspend=y,server=n -XX:TieredStopAtLevel=1 -Dspring.output.ansi.enabled=always -Dcom.sun.management.jmxremote -Dspring.jmx.enabled=true -Dspring.liveBeansView.mbeanDomain -Dspring.application.admin.enabled=true -javaagent:C:\Users\a57520\AppData\Local\JetBrains\IntelliJIdea2022.2\captureAgent\debugger-agent.jar -Dfile.encoding=UTF-8 -Dsun.stdout.encoding=UTF-8 -Dsun.stderr.encoding=UTF-8 
java_command: com.coisini.curtain.CurtainServerApplication
java_class_path (initial): E:\yht-wechat-java\target\classes;C:\Users\a57520\.m2\repository\com\github\pagehelper\pagehelper\5.1.2\pagehelper-5.1.2.jar;C:\Users\a57520\.m2\repository\com\github\jsqlparser\jsqlparser\1.0\jsqlparser-1.0.jar;C:\Users\a57520\.m2\repository\org\springframework\boot\spring-boot-starter-web\2.5.3\spring-boot-starter-web-2.5.3.jar;C:\Users\a57520\.m2\repository\org\springframework\boot\spring-boot-starter\2.5.3\spring-boot-starter-2.5.3.jar;C:\Users\a57520\.m2\repository\org\springframework\boot\spring-boot-starter-logging\2.5.3\spring-boot-starter-logging-2.5.3.jar;C:\Users\a57520\.m2\repository\ch\qos\logback\logback-classic\1.2.4\logback-classic-1.2.4.jar;C:\Users\a57520\.m2\repository\ch\qos\logback\logback-core\1.2.4\logback-core-1.2.4.jar;C:\Users\a57520\.m2\repository\org\apache\logging\log4j\log4j-to-slf4j\2.14.1\log4j-to-slf4j-2.14.1.jar;C:\Users\a57520\.m2\repository\org\apache\logging\log4j\log4j-api\2.14.1\log4j-api-2.14.1.jar;C:\Users\a57520\.m2\repository\org\slf4j\jul-to-slf4j\1.7.32\jul-to-slf4j-1.7.32.jar;C:\Users\a57520\.m2\repository\jakarta\annotation\jakarta.annotation-api\1.3.5\jakarta.annotation-api-1.3.5.jar;C:\Users\a57520\.m2\repository\org\yaml\snakeyaml\1.28\snakeyaml-1.28.jar;C:\Users\a57520\.m2\repository\org\springframework\boot\spring-boot-starter-json\2.5.3\spring-boot-starter-json-2.5.3.jar;C:\Users\a57520\.m2\repository\com\fasterxml\jackson\datatype\jackson-datatype-jdk8\2.12.4\jackson-datatype-jdk8-2.12.4.jar;C:\Users\a57520\.m2\repository\com\fasterxml\jackson\datatype\jackson-datatype-jsr310\2.12.4\jackson-datatype-jsr310-2.12.4.jar;C:\Users\a57520\.m2\repository\com\fasterxml\jackson\module\jackson-module-parameter-names\2.12.4\jackson-module-parameter-names-2.12.4.jar;C:\Users\a57520\.m2\repository\org\springframework\boot\spring-boot-starter-tomcat\2.5.3\spring-boot-starter-tomcat-2.5.3.jar;C:\Users\a57520\.m2\repository\org\apache\tomcat\embed\tomcat-embed-core\9.0.50\tomcat-embed-core-9.0.50.jar;C:\Users\a57520\.m2\repository\org\apache\tomcat\embed\tomcat-embed-websocket\9.0.50\tomcat-embed-websocket-9.0.50.jar;C:\Users\a57520\.m2\repository\org\springframework\spring-web\5.3.9\spring-web-5.3.9.jar;C:\Users\a57520\.m2\repository\org\springframework\spring-beans\5.3.9\spring-beans-5.3.9.jar;C:\Users\a57520\.m2\repository\org\springframework\spring-webmvc\5.3.9\spring-webmvc-5.3.9.jar;C:\Users\a57520\.m2\repository\org\springframework\spring-aop\5.3.9\spring-aop-5.3.9.jar;C:\Users\a57520\.m2\repository\org\springframework\spring-context\5.3.9\spring-context-5.3.9.jar;C:\Users\a57520\.m2\repository\org\springframework\spring-expression\5.3.9\spring-expression-5.3.9.jar;C:\Users\a57520\.m2\repository\jakarta\xml\bind\jakarta.xml.bind-api\2.3.3\jakarta.xml.bind-api-2.3.3.jar;C:\Users\a57520\.m2\repository\jakarta\activation\jakarta.activation-api\1.2.2\jakarta.activation-api-1.2.2.jar;C:\Users\a57520\.m2\repository\net\bytebuddy\byte-buddy\1.10.22\byte-buddy-1.10.22.jar;C:\Users\a57520\.m2\repository\org\springframework\spring-core\5.3.9\spring-core-5.3.9.jar;C:\Users\a57520\.m2\repository\org\springframework\spring-jcl\5.3.9\spring-jcl-5.3.9.jar;C:\Users\a57520\.m2\repository\org\springframework\boot\spring-boot-devtools\2.5.3\spring-boot-devtools-2.5.3.jar;C:\Users\a57520\.m2\repository\org\springframework\boot\spring-boot\2.5.3\spring-boot-2.5.3.jar;C:\Users\a57520\.m2\repository\org\springframework\boot\spring-boot-autoconfigure\2.5.3\spring-boot-autoconfigure-2.5.3.jar;C:\Users\a57520\.m2\repository\org\projectlombok\lombok\1.18.20\lombok-1.18.20.jar;C:\Users\a57520\.m2\repository\org\springframework\boot\spring-boot-starter-validation\2.5.3\spring-boot-starter-validation-2.5.3.jar;C:\Users\a57520\.m2\repository\org\apache\tomcat\embed\tomcat-embed-el\9.0.50\tomcat-embed-el-9.0.50.jar;C:\Users\a57520\.m2\repository\org\hibernate\validator\hibernate-validator\6.2.0.Final\hibernate-validator-6.2.0.Final.jar;C:\Users\a57520\.m2\repository\jakarta\validation\jakarta.validation-api\2.0.2\jakarta.validation-api-2.0.2.jar;C:\Users\a57520\.m2\repository\org\jboss\logging\jboss-logging\3.4.2.Final\jboss-logging-3.4.2.Final.jar;C:\Users\a57520\.m2\repository\com\fasterxml\classmate\1.5.1\classmate-1.5.1.jar;C:\Users\a57520\.m2\repository\org\springframework\boot\spring-boot-starter-data-jpa\2.5.3\spring-boot-starter-data-jpa-2.5.3.jar;C:\Users\a57520\.m2\repository\org\springframework\boot\spring-boot-starter-aop\2.5.3\spring-boot-starter-aop-2.5.3.jar;C:\Users\a57520\.m2\repository\org\aspectj\aspectjweaver\1.9.7\aspectjweaver-1.9.7.jar;C:\Users\a57520\.m2\repository\jakarta\transaction\jakarta.transaction-api\1.3.3\jakarta.transaction-api-1.3.3.jar;C:\Users\a57520\.m2\repository\jakarta\persistence\jakarta.persistence-api\2.2.3\jakarta.persistence-api-2.2.3.jar;C:\Users\a57520\.m2\repository\org\hibernate\hibernate-core\5.4.32.Final\hibernate-core-5.4.32.Final.jar;C:\Users\a57520\.m2\repository\org\javassist\javassist\3.27.0-GA\javassist-3.27.0-GA.jar;C:\Users\a57520\.m2\repository\antlr\antlr\2.7.7\antlr-2.7.7.jar;C:\Users\a57520\.m2\repository\org\jboss\jandex\2.2.3.Final\jandex-2.2.3.Final.jar;C:\Users\a57520\.m2\repository\org\dom4j\dom4j\2.1.3\dom4j-2.1.3.jar;C:\Users\a57520\.m2\repository\org\hibernate\common\hibernate-commons-annotations\5.1.2.Final\hibernate-commons-annotations-5.1.2.Final.jar;C:\Users\a57520\.m2\repository\org\springframework\data\spring-data-jpa\2.5.3\spring-data-jpa-2.5.3.jar;C:\Users\a57520\.m2\repository\org\springframework\data\spring-data-commons\2.5.3\spring-data-commons-2.5.3.jar;C:\Users\a57520\.m2\repository\org\springframework\spring-orm\5.3.9\spring-orm-5.3.9.jar;C:\Users\a57520\.m2\repository\org\springframework\spring-tx\5.3.9\spring-tx-5.3.9.jar;C:\Users\a57520\.m2\repository\org\springframework\spring-aspects\5.3.9\spring-aspects-5.3.9.jar;C:\Users\a57520\.m2\repository\com\auth0\java-jwt\3.8.1\java-jwt-3.8.1.jar;C:\Users\a57520\.m2\repository\com\fasterxml\jackson\core\jackson-databind\2.12.4\jackson-databind-2.12.4.jar;C:\Users\a57520\.m2\repository\com\fasterxml\jackson\core\jackson-annotations\2.12.4\jackson-annotations-2.12.4.jar;C:\Users\a57520\.m2\repository\com\fasterxml\jackson\core\jackson-core\2.12.4\jackson-core-2.12.4.jar;C:\Users\a57520\.m2\repository\commons-codec\commons-codec\1.15\commons-codec-1.15.jar;C:\Users\a57520\.m2\repository\org\springframework\boot\spring-boot-starter-jdbc\2.5.3\spring-boot-starter-jdbc-2.5.3.jar;C:\Users\a57520\.m2\repository\com\zaxxer\HikariCP\4.0.3\HikariCP-4.0.3.jar;C:\Users\a57520\.m2\repository\org\springframework\spring-jdbc\5.3.9\spring-jdbc-5.3.9.jar;C:\Users\a57520\.m2\repository\mysql\mysql-connector-java\8.0.26\mysql-connector-java-8.0.26.jar;C:\Users\a57520\.m2\repository\org\springframework\boot\spring-boot-starter-data-redis\2.5.3\spring-boot-starter-data-redis-2.5.3.jar;C:\Users\a57520\.m2\repository\org\springframework\data\spring-data-redis\2.5.3\spring-data-redis-2.5.3.jar;C:\Users\a57520\.m2\repository\org\springframework\data\spring-data-keyvalue\2.5.3\spring-data-keyvalue-2.5.3.jar;C:\Users\a57520\.m2\repository\org\springframework\spring-oxm\5.3.9\spring-oxm-5.3.9.jar;C:\Users\a57520\.m2\repository\org\springframework\spring-context-support\5.3.9\spring-context-support-5.3.9.jar;C:\Users\a57520\.m2\repository\io\lettuce\lettuce-core\6.1.4.RELEASE\lettuce-core-6.1.4.RELEASE.jar;C:\Users\a57520\.m2\repository\io\netty\netty-common\4.1.66.Final\netty-common-4.1.66.Final.jar;C:\Users\a57520\.m2\repository\io\netty\netty-handler\4.1.66.Final\netty-handler-4.1.66.Final.jar;C:\Users\a57520\.m2\repository\io\netty\netty-resolver\4.1.66.Final\netty-resolver-4.1.66.Final.jar;C:\Users\a57520\.m2\repository\io\netty\netty-buffer\4.1.66.Final\netty-buffer-4.1.66.Final.jar;C:\Users\a57520\.m2\repository\io\netty\netty-codec\4.1.66.Final\netty-codec-4.1.66.Final.jar;C:\Users\a57520\.m2\repository\io\netty\netty-transport\4.1.66.Final\netty-transport-4.1.66.Final.jar;C:\Users\a57520\.m2\repository\io\projectreactor\reactor-core\3.4.8\reactor-core-3.4.8.jar;C:\Users\a57520\.m2\repository\org\reactivestreams\reactive-streams\1.0.3\reactive-streams-1.0.3.jar;C:\Users\a57520\.m2\repository\org\springframework\boot\spring-boot-starter-thymeleaf\2.5.3\spring-boot-starter-thymeleaf-2.5.3.jar;C:\Users\a57520\.m2\repository\org\thymeleaf\thymeleaf-spring5\3.0.12.RELEASE\thymeleaf-spring5-3.0.12.RELEASE.jar;C:\Users\a57520\.m2\repository\org\thymeleaf\thymeleaf\3.0.12.RELEASE\thymeleaf-3.0.12.RELEASE.jar;C:\Users\a57520\.m2\repository\org\attoparser\attoparser\2.0.5.RELEASE\attoparser-2.0.5.RELEASE.jar;C:\Users\a57520\.m2\repository\org\unbescape\unbescape\1.1.6.RELEASE\unbescape-1.1.6.RELEASE.jar;C:\Users\a57520\.m2\repository\org\thymeleaf\extras\thymeleaf-extras-java8time\3.0.4.RELEASE\thymeleaf-extras-java8time-3.0.4.RELEASE.jar;C:\Users\a57520\.m2\repository\com\alibaba\fastjson\1.2.48\fastjson-1.2.48.jar;C:\Users\a57520\.m2\repository\com\github\dozermapper\dozer-core\6.5.0\dozer-core-6.5.0.jar;C:\Users\a57520\.m2\repository\commons-beanutils\commons-beanutils\1.9.3\commons-beanutils-1.9.3.jar;C:\Users\a57520\.m2\repository\commons-collections\commons-collections\3.2.2\commons-collections-3.2.2.jar;C:\Users\a57520\.m2\repository\org\apache\commons\commons-lang3\3.12.0\commons-lang3-3.12.0.jar;C:\Users\a57520\.m2\repository\commons-io\commons-io\2.5\commons-io-2.5.jar;C:\Users\a57520\.m2\repository\org\slf4j\jcl-over-slf4j\1.7.32\jcl-over-slf4j-1.7.32.jar;C:\Users\a57520\.m2\repository\org\objenesis\objenesis\2.6\objenesis-2.6.jar;C:\Users\a57520\.m2\repository\org\glassfish\jaxb\jaxb-runtime\2.3.4\jaxb-runtime-2.3.4.jar;C:\Users\a57520\.m2\repository\org\glassfish\jaxb\txw2\2.3.4\txw2-2.3.4.jar;C:\Users\a57520\.m2\repository\com\sun\istack\istack-commons-runtime\3.0.12\istack-commons-runtime-3.0.12.jar;C:\Users\a57520\.m2\repository\com\sun\activation\jakarta.activation\1.2.2\jakarta.activation-1.2.2.jar;C:\Users\a57520\.m2\repository\com\vladmihalcea\hibernate-types-5\2.4.2\hibernate-types-5-2.4.2.jar;C:\Users\a57520\.m2\repository\org\apache\httpcomponents\httpclient\4.5.3\httpclient-4.5.3.jar;C:\Users\a57520\.m2\repository\org\apache\httpcomponents\httpcore\4.4.14\httpcore-4.4.14.jar;C:\Users\a57520\.m2\repository\org\slf4j\slf4j-api\1.7.21\slf4j-api-1.7.21.jar;C:\Users\a57520\.m2\repository\org\slf4j\slf4j-simple\1.7.21\slf4j-simple-1.7.21.jar;C:\Users\a57520\.m2\repository\org\apache\rocketmq\rocketmq-client\4.7.0\rocketmq-client-4.7.0.jar;C:\Users\a57520\.m2\repository\org\apache\rocketmq\rocketmq-common\4.7.0\rocketmq-common-4.7.0.jar;C:\Users\a57520\.m2\repository\org\apache\rocketmq\rocketmq-remoting\4.7.0\rocketmq-remoting-4.7.0.jar;C:\Users\a57520\.m2\repository\io\netty\netty-all\4.1.66.Final\netty-all-4.1.66.Final.jar;C:\Users\a57520\.m2\repository\org\apache\rocketmq\rocketmq-logging\4.7.0\rocketmq-logging-4.7.0.jar;C:\Users\a57520\.m2\repository\io\netty\netty-tcnative-boringssl-static\2.0.40.Final\netty-tcnative-boringssl-static-2.0.40.Final.jar;C:\Users\a57520\.m2\repository\commons-validator\commons-validator\1.6\commons-validator-1.6.jar;C:\Users\a57520\.m2\repository\commons-digester\commons-digester\1.8.1\commons-digester-1.8.1.jar;C:\Users\a57520\.m2\repository\commons-logging\commons-logging\1.2\commons-logging-1.2.jar;C:\Users\a57520\.m2\repository\javax\inject\javax.inject\1\javax.inject-1.jar;C:\Program Files\JetBrains\IntelliJ IDEA 2022.2.3\lib\idea_rt.jar
Launcher Type: SUN_STANDARD

[Global flags]
     intx CICompilerCount                          = 4                                         {product} {ergonomic}
     uint ConcGCThreads                            = 3                                         {product} {ergonomic}
     uint G1ConcRefinementThreads                  = 10                                        {product} {ergonomic}
   size_t G1HeapRegionSize                         = 4194304                                   {product} {ergonomic}
    uintx GCDrainStackTargetSize                   = 64                                        {product} {ergonomic}
   size_t InitialHeapSize                          = 536870912                                 {product} {ergonomic}
     bool ManagementServer                         = true                                      {product} {command line}
   size_t MarkStackSize                            = 4194304                                   {product} {ergonomic}
   size_t MaxHeapSize                              = 8577351680                                {product} {ergonomic}
   size_t MaxNewSize                               = 5146411008                                {product} {ergonomic}
   size_t MinHeapDeltaBytes                        = 4194304                                   {product} {ergonomic}
   size_t MinHeapSize                              = 8388608                                   {product} {ergonomic}
    uintx NonProfiledCodeHeapSize                  = 0                                      {pd product} {ergonomic}
     bool ProfileInterpreter                       = false                                  {pd product} {command line}
    uintx ProfiledCodeHeapSize                     = 0                                      {pd product} {ergonomic}
   size_t SoftMaxHeapSize                          = 8577351680                             {manageable} {ergonomic}
     intx TieredStopAtLevel                        = 1                                         {product} {command line}
     bool UseCompressedClassPointers               = true                           {product lp64_product} {ergonomic}
     bool UseCompressedOops                        = true                           {product lp64_product} {ergonomic}
     bool UseG1GC                                  = true                                      {product} {ergonomic}
     bool UseLargePagesIndividualAllocation        = false                                  {pd product} {ergonomic}

Logging:
Log output configuration:
 #0: stdout all=warning uptime,level,tags foldmultilines=false
 #1: stderr all=off uptime,level,tags foldmultilines=false

Environment Variables:
JAVA_HOME=E:\java\jdk-19.0.1
PATH=C:\Program Files\PlasticSCM5\server;C:\Program Files\PlasticSCM5\client;C:\Program Files (x86)\NVIDIA Corporation\PhysX\Common;C:\WINDOWS\system32;C:\WINDOWS;C:\WINDOWS\System32\Wbem;C:\WINDOWS\System32\WindowsPowerShell\v1.0\;C:\WINDOWS\System32\OpenSSH\;C:\Program Files\nodejs\;C:\ProgramData\chocolatey\bin;C:\Program Files\Git\cmd;C:\Program Files\dotnet\;E:\web\dll;C:\Program Files\python;C:\Program Files\python\Scripts;E:\BtSoft\panel\script;E:\mysqldown\bin;C:\Program Files\MySQL\MySQL Shell 8.0\bin\;C:\Users\\AppData\Local\Programs\Python\Python39\Scripts\;C:\Users\\AppData\Local\Programs\Python\Python39\;C:\Users\a57520\AppData\Local\Microsoft\WindowsApps;C:\Users\\AppData\Roaming\npm;C:\Users\\AppData\Local\Programs\Microsoft VS Code\bin;C:\Users\a57520\.dotnet\tools;E:\PyCharm 2022.1.3\bin;;C:\Program Files\JetBrains\IntelliJ IDEA 2022.2.3\bin;;E:\java\apache-maven-3.5.0\bin;E:\java\jdk-19.0.1\bin;E:\mysqldown\bin;
USERNAME=
OS=Windows_NT
PROCESSOR_IDENTIFIER=AMD64 Family 23 Model 113 Stepping 0, AuthenticAMD
TMP=C:\Users\a57520\AppData\Local\Temp
TEMP=C:\Users\a57520\AppData\Local\Temp



---------------  S Y S T E M  ---------------

OS:
 Windows 10 , 64 bit Build 19041 (10.0.19041.3155)
OS uptime: 0 days 1:19 hours

CPU: total 12 (initial active 12) (12 cores per cpu, 2 threads per core) family 23 model 113 stepping 0 microcode 0x0, cx8, cmov, fxsr, ht, mmx, 3dnowpref, sse, sse2, sse3, ssse3, sse4a, sse4.1, sse4.2, popcnt, lzcnt, tsc, tscinvbit, avx, avx2, aes, clmul, bmi1, bmi2, adx, sha, fma, vzeroupper, clflush, clflushopt, rdtscp, rdpid

Memory: 4k page, system-wide physical 32716M (17697M free)
TotalPageFile size 38860M (AvailPageFile size 17812M)
current process WorkingSet (physical memory assigned to process): 217M, peak: 220M
current process commit charge ("private bytes"): 335M, peak: 655M

vm_info: OpenJDK 64-Bit Server VM (19.0.1+10-21) for windows-amd64 JRE (19.0.1+10-21), built on 2022-09-14T12:45:06Z by "mach5one" with MS VC++ 17.1 (VS2022)

END.
